<?xml version="1.0" encoding="utf-8"?>
<coverage line-rate="0.72" branch-rate="1" version="1.9" timestamp="1625863967" lines-covered="18" lines-valid="25" branches-covered="0" branches-valid="0">
  <sources>
    <source>C:\Users\joao.paes\</source>
  </sources>
  <packages>
    <package name="Controller.Specs" line-rate="0.72" branch-rate="1" complexity="4">
      <classes>
        <class name="AutoGeneratedProgram" filename=".nuget\packages\microsoft.net.test.sdk\16.5.0\build\netcoreapp2.1\Microsoft.NET.Test.Sdk.Program.cs" line-rate="0" branch-rate="1" complexity="1">
          <methods>
            <method name="Main" signature="(System.String[])" line-rate="0" branch-rate="1" complexity="1">
              <lines>
                <line number="4" hits="0" branch="False" />
              </lines>
            </method>
          </methods>
          <lines>
            <line number="4" hits="0" branch="False" />
          </lines>
        </class>
        <class name="ApiEscola.ControllersFixture.TesteFixture" filename="Documents\work\ApiEscola\Controller.Specs\EscolaControllerFixture.cs" line-rate="1" branch-rate="1" complexity="1">
          <methods>
            <method name="Testes" signature="()" line-rate="1" branch-rate="1" complexity="1">
              <lines>
                <line number="28" hits="1" branch="False" />
                <line number="29" hits="1" branch="False" />
                <line number="30" hits="1" branch="False" />
              </lines>
            </method>
          </methods>
          <lines>
            <line number="28" hits="1" branch="False" />
            <line number="29" hits="1" branch="False" />
            <line number="30" hits="1" branch="False" />
          </lines>
        </class>
        <class name="ApiEscola.ControllersFixture.TesteFixture/&lt;GetEscolaId_Must_Return_True&gt;d__0" filename="Documents\work\ApiEscola\Controller.Specs\EscolaControllerFixture.cs" line-rate="0.3333" branch-rate="1" complexity="1">
          <methods>
            <method name="MoveNext" signature="()" line-rate="0.3333" branch-rate="1" complexity="1">
              <lines>
                <line number="20" hits="1" branch="False" />
                <line number="21" hits="1" branch="False" />
                <line number="22" hits="0" branch="False" />
                <line number="23" hits="0" branch="False" />
                <line number="24" hits="0" branch="False" />
                <line number="25" hits="0" branch="False" />
              </lines>
            </method>
          </methods>
          <lines>
            <line number="20" hits="1" branch="False" />
            <line number="21" hits="1" branch="False" />
            <line number="22" hits="0" branch="False" />
            <line number="23" hits="0" branch="False" />
            <line number="24" hits="0" branch="False" />
            <line number="25" hits="0" branch="False" />
          </lines>
        </class>
        <class name="ApiEscola.Controllers.Specs.CommonBase" filename="Documents\work\ApiEscola\Controller.Specs\CommonBase.cs" line-rate="0.8665999999999999" branch-rate="1" complexity="1">
          <methods>
            <method name="CreateServer" signature="()" line-rate="0.8665999999999999" branch-rate="1" complexity="1">
              <lines>
                <line number="16" hits="1" branch="False" />
                <line number="17" hits="1" branch="False" />
                <line number="18" hits="1" branch="False" />
                <line number="19" hits="1" branch="False" />
                <line number="20" hits="1" branch="False" />
                <line number="21" hits="1" branch="False" />
                <line number="22" hits="1" branch="False" />
                <line number="23" hits="1" branch="False" />
                <line number="24" hits="1" branch="False" />
                <line number="25" hits="1" branch="False" />
                <line number="26" hits="1" branch="False" />
                <line number="27" hits="2" branch="False" />
                <line number="29" hits="1" branch="False" />
                <line number="30" hits="0" branch="False" />
                <line number="31" hits="0" branch="False" />
              </lines>
            </method>
          </methods>
          <lines>
            <line number="16" hits="1" branch="False" />
            <line number="17" hits="1" branch="False" />
            <line number="18" hits="1" branch="False" />
            <line number="19" hits="1" branch="False" />
            <line number="20" hits="1" branch="False" />
            <line number="21" hits="1" branch="False" />
            <line number="22" hits="1" branch="False" />
            <line number="23" hits="1" branch="False" />
            <line number="24" hits="1" branch="False" />
            <line number="25" hits="1" branch="False" />
            <line number="26" hits="1" branch="False" />
            <line number="27" hits="2" branch="False" />
            <line number="29" hits="1" branch="False" />
            <line number="30" hits="0" branch="False" />
            <line number="31" hits="0" branch="False" />
          </lines>
        </class>
      </classes>
    </package>
  </packages>
</coverage>